{"C:\\Users\\geeth\\Desktop\\CHAT_APP\\frontend\\src\\context\\AuthContext.jsx": {"path":"C:\\Users\\geeth\\Desktop\\CHAT_APP\\frontend\\src\\context\\AuthContext.jsx","statementMap":{"0":{"start":{"line":6,"column":27},"end":{"line":6,"column":42}},"1":{"start":{"line":8,"column":28},"end":{"line":34,"column":1}},"2":{"start":{"line":9,"column":26},"end":{"line":9,"column":40}},"3":{"start":{"line":10,"column":28},"end":{"line":10,"column":42}},"4":{"start":{"line":11,"column":32},"end":{"line":11,"column":46}},"5":{"start":{"line":13,"column":2},"end":{"line":27,"column":9}},"6":{"start":{"line":14,"column":24},"end":{"line":24,"column":6}},"7":{"start":{"line":15,"column":6},"end":{"line":22,"column":7}},"8":{"start":{"line":16,"column":24},"end":{"line":16,"column":55}},"9":{"start":{"line":17,"column":8},"end":{"line":17,"column":30}},"10":{"start":{"line":18,"column":8},"end":{"line":18,"column":26}},"11":{"start":{"line":20,"column":8},"end":{"line":20,"column":22}},"12":{"start":{"line":21,"column":8},"end":{"line":21,"column":23}},"13":{"start":{"line":23,"column":6},"end":{"line":23,"column":24}},"14":{"start":{"line":26,"column":4},"end":{"line":26,"column":31}},"15":{"start":{"line":26,"column":17},"end":{"line":26,"column":30}},"16":{"start":{"line":29,"column":2},"end":{"line":33,"column":4}},"17":{"start":{"line":36,"column":23},"end":{"line":36,"column":52}},"18":{"start":{"line":36,"column":29},"end":{"line":36,"column":52}}},"fnMap":{"0":{"name":"(anonymous_0)","decl":{"start":{"line":8,"column":28},"end":{"line":8,"column":29}},"loc":{"start":{"line":8,"column":46},"end":{"line":34,"column":1}},"line":8},"1":{"name":"(anonymous_1)","decl":{"start":{"line":13,"column":12},"end":{"line":13,"column":13}},"loc":{"start":{"line":13,"column":18},"end":{"line":27,"column":3}},"line":13},"2":{"name":"(anonymous_2)","decl":{"start":{"line":14,"column":49},"end":{"line":14,"column":50}},"loc":{"start":{"line":14,"column":73},"end":{"line":24,"column":5}},"line":14},"3":{"name":"(anonymous_3)","decl":{"start":{"line":26,"column":11},"end":{"line":26,"column":12}},"loc":{"start":{"line":26,"column":17},"end":{"line":26,"column":30}},"line":26},"4":{"name":"(anonymous_4)","decl":{"start":{"line":36,"column":23},"end":{"line":36,"column":24}},"loc":{"start":{"line":36,"column":29},"end":{"line":36,"column":52}},"line":36}},"branchMap":{"0":{"loc":{"start":{"line":15,"column":6},"end":{"line":22,"column":7}},"type":"if","locations":[{"start":{"line":15,"column":6},"end":{"line":22,"column":7}},{"start":{"line":19,"column":13},"end":{"line":22,"column":7}}],"line":15}},"s":{"0":2,"1":2,"2":2,"3":2,"4":2,"5":2,"6":1,"7":1,"8":1,"9":1,"10":1,"11":0,"12":0,"13":1,"14":1,"15":1,"16":2,"17":2,"18":2},"f":{"0":2,"1":1,"2":1,"3":1,"4":2},"b":{"0":[1,0]},"_coverageSchema":"1a1c01bbd47fc00a2c39e90264f33305004495a9","hash":"390365fa2af46c796c5cbedab754f5e2eeac4493"}
,"C:\\Users\\geeth\\Desktop\\CHAT_APP\\frontend\\src\\firebase\\Firebase.js": {"path":"C:\\Users\\geeth\\Desktop\\CHAT_APP\\frontend\\src\\firebase\\Firebase.js","statementMap":{"0":{"start":{"line":6,"column":23},"end":{"line":14,"column":1}},"1":{"start":{"line":16,"column":12},"end":{"line":16,"column":41}},"2":{"start":{"line":17,"column":13},"end":{"line":17,"column":25}}},"fnMap":{},"branchMap":{},"s":{"0":2,"1":2,"2":2},"f":{},"b":{},"_coverageSchema":"1a1c01bbd47fc00a2c39e90264f33305004495a9","hash":"22d8f404e8a47a393baa23ad1837eb004f3ca110"}
,"C:\\Users\\geeth\\Desktop\\CHAT_APP\\frontend\\src\\pages\\Chat.jsx": {"path":"C:\\Users\\geeth\\Desktop\\CHAT_APP\\frontend\\src\\pages\\Chat.jsx","statementMap":{"0":{"start":{"line":10,"column":19},"end":{"line":10,"column":52}},"1":{"start":{"line":12,"column":13},"end":{"line":212,"column":1}},"2":{"start":{"line":13,"column":28},"end":{"line":13,"column":37}},"3":{"start":{"line":14,"column":28},"end":{"line":14,"column":40}},"4":{"start":{"line":15,"column":40},"end":{"line":15,"column":52}},"5":{"start":{"line":16,"column":42},"end":{"line":16,"column":56}},"6":{"start":{"line":17,"column":34},"end":{"line":17,"column":46}},"7":{"start":{"line":18,"column":30},"end":{"line":18,"column":42}},"8":{"start":{"line":19,"column":40},"end":{"line":19,"column":54}},"9":{"start":{"line":21,"column":2},"end":{"line":25,"column":26}},"10":{"start":{"line":22,"column":4},"end":{"line":24,"column":5}},"11":{"start":{"line":23,"column":6},"end":{"line":23,"column":77}},"12":{"start":{"line":27,"column":2},"end":{"line":32,"column":9}},"13":{"start":{"line":28,"column":4},"end":{"line":30,"column":7}},"14":{"start":{"line":29,"column":6},"end":{"line":29,"column":32}},"15":{"start":{"line":31,"column":4},"end":{"line":31,"column":51}},"16":{"start":{"line":31,"column":17},"end":{"line":31,"column":50}},"17":{"start":{"line":34,"column":2},"end":{"line":53,"column":22}},"18":{"start":{"line":35,"column":22},"end":{"line":51,"column":5}},"19":{"start":{"line":36,"column":6},"end":{"line":36,"column":35}},"20":{"start":{"line":36,"column":28},"end":{"line":36,"column":35}},"21":{"start":{"line":37,"column":6},"end":{"line":50,"column":7}},"22":{"start":{"line":38,"column":22},"end":{"line":38,"column":45}},"23":{"start":{"line":39,"column":19},"end":{"line":39,"column":56}},"24":{"start":{"line":40,"column":8},"end":{"line":40,"column":27}},"25":{"start":{"line":42,"column":20},"end":{"line":44,"column":10}},"26":{"start":{"line":46,"column":25},"end":{"line":46,"column":67}},"27":{"start":{"line":46,"column":48},"end":{"line":46,"column":66}},"28":{"start":{"line":47,"column":8},"end":{"line":47,"column":27}},"29":{"start":{"line":49,"column":8},"end":{"line":49,"column":52}},"30":{"start":{"line":52,"column":4},"end":{"line":52,"column":16}},"31":{"start":{"line":56,"column":26},"end":{"line":56,"column":38}},"32":{"start":{"line":58,"column":2},"end":{"line":60,"column":21}},"33":{"start":{"line":59,"column":4},"end":{"line":59,"column":43}},"34":{"start":{"line":62,"column":2},"end":{"line":92,"column":53}},"35":{"start":{"line":63,"column":4},"end":{"line":63,"column":24}},"36":{"start":{"line":63,"column":17},"end":{"line":63,"column":24}},"37":{"start":{"line":65,"column":4},"end":{"line":78,"column":7}},"38":{"start":{"line":66,"column":6},"end":{"line":77,"column":7}},"39":{"start":{"line":70,"column":8},"end":{"line":70,"column":50}},"40":{"start":{"line":70,"column":30},"end":{"line":70,"column":48}},"41":{"start":{"line":72,"column":8},"end":{"line":76,"column":11}},"42":{"start":{"line":80,"column":4},"end":{"line":86,"column":7}},"43":{"start":{"line":81,"column":6},"end":{"line":85,"column":8}},"44":{"start":{"line":82,"column":8},"end":{"line":84,"column":9}},"45":{"start":{"line":83,"column":10},"end":{"line":83,"column":71}},"46":{"start":{"line":88,"column":4},"end":{"line":91,"column":6}},"47":{"start":{"line":89,"column":6},"end":{"line":89,"column":36}},"48":{"start":{"line":90,"column":6},"end":{"line":90,"column":42}},"49":{"start":{"line":94,"column":21},"end":{"line":110,"column":3}},"50":{"start":{"line":95,"column":4},"end":{"line":95,"column":64}},"51":{"start":{"line":95,"column":57},"end":{"line":95,"column":64}},"52":{"start":{"line":96,"column":20},"end":{"line":100,"column":5}},"53":{"start":{"line":101,"column":4},"end":{"line":101,"column":41}},"54":{"start":{"line":102,"column":24},"end":{"line":107,"column":5}},"55":{"start":{"line":108,"column":4},"end":{"line":108,"column":50}},"56":{"start":{"line":108,"column":26},"end":{"line":108,"column":48}},"57":{"start":{"line":109,"column":4},"end":{"line":109,"column":18}},"58":{"start":{"line":111,"column":27},"end":{"line":140,"column":3}},"59":{"start":{"line":112,"column":4},"end":{"line":115,"column":5}},"60":{"start":{"line":113,"column":6},"end":{"line":113,"column":50}},"61":{"start":{"line":114,"column":6},"end":{"line":114,"column":13}},"62":{"start":{"line":117,"column":4},"end":{"line":117,"column":36}},"63":{"start":{"line":119,"column":4},"end":{"line":139,"column":5}},"64":{"start":{"line":120,"column":18},"end":{"line":122,"column":7}},"65":{"start":{"line":123,"column":19},"end":{"line":123,"column":76}},"66":{"start":{"line":124,"column":6},"end":{"line":124,"column":24}},"67":{"start":{"line":127,"column":6},"end":{"line":135,"column":11}},"68":{"start":{"line":128,"column":23},"end":{"line":128,"column":79}},"69":{"start":{"line":130,"column":10},"end":{"line":134,"column":13}},"70":{"start":{"line":137,"column":6},"end":{"line":137,"column":52}},"71":{"start":{"line":138,"column":6},"end":{"line":138,"column":22}},"72":{"start":{"line":142,"column":2},"end":{"line":142,"column":65}},"73":{"start":{"line":142,"column":31},"end":{"line":142,"column":65}},"74":{"start":{"line":144,"column":2},"end":{"line":211,"column":4}},"75":{"start":{"line":151,"column":31},"end":{"line":151,"column":58}},"76":{"start":{"line":152,"column":14},"end":{"line":165,"column":16}},"77":{"start":{"line":155,"column":33},"end":{"line":155,"column":52}},"78":{"start":{"line":181,"column":16},"end":{"line":193,"column":22}},"79":{"start":{"line":200,"column":33},"end":{"line":200,"column":58}}},"fnMap":{"0":{"name":"(anonymous_0)","decl":{"start":{"line":12,"column":13},"end":{"line":12,"column":14}},"loc":{"start":{"line":12,"column":19},"end":{"line":212,"column":1}},"line":12},"1":{"name":"(anonymous_1)","decl":{"start":{"line":21,"column":12},"end":{"line":21,"column":13}},"loc":{"start":{"line":21,"column":18},"end":{"line":25,"column":3}},"line":21},"2":{"name":"(anonymous_2)","decl":{"start":{"line":27,"column":12},"end":{"line":27,"column":13}},"loc":{"start":{"line":27,"column":18},"end":{"line":32,"column":3}},"line":27},"3":{"name":"(anonymous_3)","decl":{"start":{"line":28,"column":37},"end":{"line":28,"column":38}},"loc":{"start":{"line":28,"column":52},"end":{"line":30,"column":5}},"line":28},"4":{"name":"(anonymous_4)","decl":{"start":{"line":31,"column":11},"end":{"line":31,"column":12}},"loc":{"start":{"line":31,"column":17},"end":{"line":31,"column":50}},"line":31},"5":{"name":"(anonymous_5)","decl":{"start":{"line":34,"column":12},"end":{"line":34,"column":13}},"loc":{"start":{"line":34,"column":18},"end":{"line":53,"column":3}},"line":34},"6":{"name":"(anonymous_6)","decl":{"start":{"line":35,"column":22},"end":{"line":35,"column":23}},"loc":{"start":{"line":35,"column":34},"end":{"line":51,"column":5}},"line":35},"7":{"name":"(anonymous_7)","decl":{"start":{"line":46,"column":41},"end":{"line":46,"column":42}},"loc":{"start":{"line":46,"column":48},"end":{"line":46,"column":66}},"line":46},"8":{"name":"(anonymous_8)","decl":{"start":{"line":58,"column":12},"end":{"line":58,"column":13}},"loc":{"start":{"line":58,"column":18},"end":{"line":60,"column":3}},"line":58},"9":{"name":"(anonymous_9)","decl":{"start":{"line":62,"column":12},"end":{"line":62,"column":13}},"loc":{"start":{"line":62,"column":18},"end":{"line":92,"column":3}},"line":62},"10":{"name":"(anonymous_10)","decl":{"start":{"line":65,"column":33},"end":{"line":65,"column":34}},"loc":{"start":{"line":65,"column":46},"end":{"line":78,"column":5}},"line":65},"11":{"name":"(anonymous_11)","decl":{"start":{"line":70,"column":20},"end":{"line":70,"column":21}},"loc":{"start":{"line":70,"column":30},"end":{"line":70,"column":48}},"line":70},"12":{"name":"(anonymous_12)","decl":{"start":{"line":80,"column":39},"end":{"line":80,"column":40}},"loc":{"start":{"line":80,"column":58},"end":{"line":86,"column":5}},"line":80},"13":{"name":"(anonymous_13)","decl":{"start":{"line":81,"column":18},"end":{"line":81,"column":19}},"loc":{"start":{"line":82,"column":8},"end":{"line":84,"column":9}},"line":82},"14":{"name":"(anonymous_14)","decl":{"start":{"line":82,"column":17},"end":{"line":82,"column":18}},"loc":{"start":{"line":83,"column":10},"end":{"line":83,"column":71}},"line":83},"15":{"name":"(anonymous_15)","decl":{"start":{"line":88,"column":11},"end":{"line":88,"column":12}},"loc":{"start":{"line":88,"column":17},"end":{"line":91,"column":5}},"line":88},"16":{"name":"(anonymous_16)","decl":{"start":{"line":94,"column":21},"end":{"line":94,"column":22}},"loc":{"start":{"line":94,"column":27},"end":{"line":110,"column":3}},"line":94},"17":{"name":"(anonymous_17)","decl":{"start":{"line":108,"column":16},"end":{"line":108,"column":17}},"loc":{"start":{"line":108,"column":26},"end":{"line":108,"column":48}},"line":108},"18":{"name":"(anonymous_18)","decl":{"start":{"line":111,"column":27},"end":{"line":111,"column":28}},"loc":{"start":{"line":111,"column":46},"end":{"line":140,"column":3}},"line":111},"19":{"name":"(anonymous_19)","decl":{"start":{"line":128,"column":16},"end":{"line":128,"column":17}},"loc":{"start":{"line":128,"column":23},"end":{"line":128,"column":79}},"line":128},"20":{"name":"(anonymous_20)","decl":{"start":{"line":129,"column":17},"end":{"line":129,"column":18}},"loc":{"start":{"line":129,"column":24},"end":{"line":135,"column":9}},"line":129},"21":{"name":"(anonymous_21)","decl":{"start":{"line":150,"column":22},"end":{"line":150,"column":23}},"loc":{"start":{"line":150,"column":29},"end":{"line":166,"column":13}},"line":150},"22":{"name":"(anonymous_22)","decl":{"start":{"line":155,"column":27},"end":{"line":155,"column":28}},"loc":{"start":{"line":155,"column":33},"end":{"line":155,"column":52}},"line":155},"23":{"name":"(anonymous_23)","decl":{"start":{"line":180,"column":28},"end":{"line":180,"column":29}},"loc":{"start":{"line":181,"column":16},"end":{"line":193,"column":22}},"line":181},"24":{"name":"(anonymous_24)","decl":{"start":{"line":200,"column":26},"end":{"line":200,"column":27}},"loc":{"start":{"line":200,"column":33},"end":{"line":200,"column":58}},"line":200}},"branchMap":{"0":{"loc":{"start":{"line":22,"column":4},"end":{"line":24,"column":5}},"type":"if","locations":[{"start":{"line":22,"column":4},"end":{"line":24,"column":5}},{"start":{},"end":{}}],"line":22},"1":{"loc":{"start":{"line":22,"column":8},"end":{"line":22,"column":27}},"type":"binary-expr","locations":[{"start":{"line":22,"column":8},"end":{"line":22,"column":12}},{"start":{"line":22,"column":16},"end":{"line":22,"column":27}}],"line":22},"2":{"loc":{"start":{"line":36,"column":6},"end":{"line":36,"column":35}},"type":"if","locations":[{"start":{"line":36,"column":6},"end":{"line":36,"column":35}},{"start":{},"end":{}}],"line":36},"3":{"loc":{"start":{"line":36,"column":10},"end":{"line":36,"column":26}},"type":"binary-expr","locations":[{"start":{"line":36,"column":10},"end":{"line":36,"column":17}},{"start":{"line":36,"column":21},"end":{"line":36,"column":26}}],"line":36},"4":{"loc":{"start":{"line":63,"column":4},"end":{"line":63,"column":24}},"type":"if","locations":[{"start":{"line":63,"column":4},"end":{"line":63,"column":24}},{"start":{},"end":{}}],"line":63},"5":{"loc":{"start":{"line":66,"column":6},"end":{"line":77,"column":7}},"type":"if","locations":[{"start":{"line":66,"column":6},"end":{"line":77,"column":7}},{"start":{},"end":{}}],"line":66},"6":{"loc":{"start":{"line":67,"column":8},"end":{"line":68,"column":56}},"type":"binary-expr","locations":[{"start":{"line":67,"column":8},"end":{"line":67,"column":31}},{"start":{"line":68,"column":8},"end":{"line":68,"column":56}}],"line":67},"7":{"loc":{"start":{"line":83,"column":10},"end":{"line":83,"column":71}},"type":"cond-expr","locations":[{"start":{"line":83,"column":34},"end":{"line":83,"column":65}},{"start":{"line":83,"column":68},"end":{"line":83,"column":71}}],"line":83},"8":{"loc":{"start":{"line":95,"column":4},"end":{"line":95,"column":64}},"type":"if","locations":[{"start":{"line":95,"column":4},"end":{"line":95,"column":64}},{"start":{},"end":{}}],"line":95},"9":{"loc":{"start":{"line":95,"column":8},"end":{"line":95,"column":55}},"type":"binary-expr","locations":[{"start":{"line":95,"column":8},"end":{"line":95,"column":22}},{"start":{"line":95,"column":26},"end":{"line":95,"column":38}},{"start":{"line":95,"column":42},"end":{"line":95,"column":55}}],"line":95},"10":{"loc":{"start":{"line":112,"column":4},"end":{"line":115,"column":5}},"type":"if","locations":[{"start":{"line":112,"column":4},"end":{"line":115,"column":5}},{"start":{},"end":{}}],"line":112},"11":{"loc":{"start":{"line":112,"column":8},"end":{"line":112,"column":37}},"type":"binary-expr","locations":[{"start":{"line":112,"column":8},"end":{"line":112,"column":21}},{"start":{"line":112,"column":25},"end":{"line":112,"column":37}}],"line":112},"12":{"loc":{"start":{"line":123,"column":19},"end":{"line":123,"column":76}},"type":"cond-expr","locations":[{"start":{"line":123,"column":54},"end":{"line":123,"column":71}},{"start":{"line":123,"column":74},"end":{"line":123,"column":76}}],"line":123},"13":{"loc":{"start":{"line":128,"column":23},"end":{"line":128,"column":79}},"type":"binary-expr","locations":[{"start":{"line":128,"column":23},"end":{"line":128,"column":51}},{"start":{"line":128,"column":55},"end":{"line":128,"column":79}}],"line":128},"14":{"loc":{"start":{"line":142,"column":2},"end":{"line":142,"column":65}},"type":"if","locations":[{"start":{"line":142,"column":2},"end":{"line":142,"column":65}},{"start":{},"end":{}}],"line":142},"15":{"loc":{"start":{"line":142,"column":6},"end":{"line":142,"column":29}},"type":"binary-expr","locations":[{"start":{"line":142,"column":6},"end":{"line":142,"column":13}},{"start":{"line":142,"column":17},"end":{"line":142,"column":29}}],"line":142},"16":{"loc":{"start":{"line":149,"column":11},"end":{"line":166,"column":14}},"type":"binary-expr","locations":[{"start":{"line":149,"column":11},"end":{"line":149,"column":22}},{"start":{"line":150,"column":12},"end":{"line":166,"column":14}}],"line":149},"17":{"loc":{"start":{"line":157,"column":20},"end":{"line":157,"column":63}},"type":"cond-expr","locations":[{"start":{"line":157,"column":50},"end":{"line":157,"column":58}},{"start":{"line":157,"column":61},"end":{"line":157,"column":63}}],"line":157},"18":{"loc":{"start":{"line":161,"column":45},"end":{"line":161,"column":76}},"type":"cond-expr","locations":[{"start":{"line":161,"column":56},"end":{"line":161,"column":64}},{"start":{"line":161,"column":67},"end":{"line":161,"column":76}}],"line":161},"19":{"loc":{"start":{"line":171,"column":9},"end":{"line":208,"column":9}},"type":"cond-expr","locations":[{"start":{"line":172,"column":10},"end":{"line":205,"column":13}},{"start":{"line":207,"column":10},"end":{"line":207,"column":72}}],"line":171},"20":{"loc":{"start":{"line":176,"column":17},"end":{"line":176,"column":78}},"type":"cond-expr","locations":[{"start":{"line":176,"column":58},"end":{"line":176,"column":66}},{"start":{"line":176,"column":69},"end":{"line":176,"column":78}}],"line":176},"21":{"loc":{"start":{"line":184,"column":20},"end":{"line":184,"column":68}},"type":"cond-expr","locations":[{"start":{"line":184,"column":49},"end":{"line":184,"column":55}},{"start":{"line":184,"column":58},"end":{"line":184,"column":68}}],"line":184},"22":{"loc":{"start":{"line":188,"column":19},"end":{"line":192,"column":19}},"type":"binary-expr","locations":[{"start":{"line":188,"column":19},"end":{"line":188,"column":45}},{"start":{"line":189,"column":20},"end":{"line":191,"column":27}}],"line":188},"23":{"loc":{"start":{"line":190,"column":23},"end":{"line":190,"column":62}},"type":"cond-expr","locations":[{"start":{"line":190,"column":52},"end":{"line":190,"column":56}},{"start":{"line":190,"column":59},"end":{"line":190,"column":62}}],"line":190}},"s":{"0":1,"1":1,"2":11,"3":11,"4":11,"5":11,"6":11,"7":11,"8":11,"9":11,"10":5,"11":2,"12":11,"13":3,"14":0,"15":3,"16":3,"17":11,"18":3,"19":3,"20":1,"21":2,"22":2,"23":2,"24":2,"25":2,"26":2,"27":4,"28":2,"29":0,"30":3,"31":11,"32":11,"33":5,"34":11,"35":7,"36":0,"37":7,"38":0,"39":0,"40":0,"41":0,"42":7,"43":0,"44":0,"45":0,"46":7,"47":7,"48":7,"49":11,"50":1,"51":0,"52":1,"53":1,"54":1,"55":1,"56":1,"57":1,"58":11,"59":2,"60":0,"61":0,"62":2,"63":2,"64":2,"65":2,"66":2,"67":2,"68":0,"69":0,"70":0,"71":0,"72":11,"73":3,"74":8,"75":16,"76":16,"77":2,"78":1,"79":1},"f":{"0":11,"1":5,"2":3,"3":0,"4":3,"5":3,"6":3,"7":4,"8":5,"9":7,"10":0,"11":0,"12":0,"13":0,"14":0,"15":7,"16":1,"17":1,"18":2,"19":0,"20":0,"21":16,"22":2,"23":1,"24":1},"b":{"0":[2,3],"1":[5,5],"2":[1,2],"3":[3,2],"4":[0,7],"5":[0,0],"6":[0,0],"7":[0,0],"8":[0,1],"9":[1,1,1],"10":[0,2],"11":[2,2],"12":[2,0],"13":[0,0],"14":[3,8],"15":[11,10],"16":[8,8],"17":[6,10],"18":[0,16],"19":[6,2],"20":[0,6],"21":[0,1],"22":[1,0],"23":[0,0]},"_coverageSchema":"1a1c01bbd47fc00a2c39e90264f33305004495a9","hash":"79c84b429beb5ac7b32b681207fc7d12939078d2"}
,"C:\\Users\\geeth\\Desktop\\CHAT_APP\\frontend\\src\\pages\\Login.jsx": {"path":"C:\\Users\\geeth\\Desktop\\CHAT_APP\\frontend\\src\\pages\\Login.jsx","statementMap":{"0":{"start":{"line":8,"column":14},"end":{"line":76,"column":1}},"1":{"start":{"line":9,"column":19},"end":{"line":9,"column":32}},"2":{"start":{"line":10,"column":28},"end":{"line":10,"column":40}},"3":{"start":{"line":11,"column":34},"end":{"line":11,"column":46}},"4":{"start":{"line":12,"column":28},"end":{"line":12,"column":40}},"5":{"start":{"line":14,"column":22},"end":{"line":41,"column":3}},"6":{"start":{"line":15,"column":4},"end":{"line":15,"column":23}},"7":{"start":{"line":16,"column":4},"end":{"line":40,"column":5}},"8":{"start":{"line":17,"column":29},"end":{"line":21,"column":7}},"9":{"start":{"line":22,"column":19},"end":{"line":22,"column":38}},"10":{"start":{"line":23,"column":20},"end":{"line":23,"column":43}},"11":{"start":{"line":25,"column":18},"end":{"line":34,"column":7}},"12":{"start":{"line":36,"column":6},"end":{"line":36,"column":24}},"13":{"start":{"line":38,"column":6},"end":{"line":38,"column":31}},"14":{"start":{"line":39,"column":6},"end":{"line":39,"column":28}},"15":{"start":{"line":43,"column":2},"end":{"line":75,"column":4}},"16":{"start":{"line":52,"column":29},"end":{"line":52,"column":53}},"17":{"start":{"line":59,"column":29},"end":{"line":59,"column":56}}},"fnMap":{"0":{"name":"(anonymous_0)","decl":{"start":{"line":8,"column":14},"end":{"line":8,"column":15}},"loc":{"start":{"line":8,"column":20},"end":{"line":76,"column":1}},"line":8},"1":{"name":"(anonymous_1)","decl":{"start":{"line":14,"column":22},"end":{"line":14,"column":23}},"loc":{"start":{"line":14,"column":35},"end":{"line":41,"column":3}},"line":14},"2":{"name":"(anonymous_2)","decl":{"start":{"line":52,"column":22},"end":{"line":52,"column":23}},"loc":{"start":{"line":52,"column":29},"end":{"line":52,"column":53}},"line":52},"3":{"name":"(anonymous_3)","decl":{"start":{"line":59,"column":22},"end":{"line":59,"column":23}},"loc":{"start":{"line":59,"column":29},"end":{"line":59,"column":56}},"line":59}},"branchMap":{"0":{"loc":{"start":{"line":68,"column":9},"end":{"line":68,"column":56}},"type":"binary-expr","locations":[{"start":{"line":68,"column":9},"end":{"line":68,"column":14}},{"start":{"line":68,"column":18},"end":{"line":68,"column":56}}],"line":68}},"s":{"0":1,"1":4,"2":4,"3":4,"4":4,"5":4,"6":1,"7":1,"8":1,"9":1,"10":1,"11":1,"12":1,"13":0,"14":0,"15":4,"16":1,"17":1},"f":{"0":4,"1":1,"2":1,"3":1},"b":{"0":[4,0]},"_coverageSchema":"1a1c01bbd47fc00a2c39e90264f33305004495a9","hash":"383566c7da1a2da331b44eea87d171029a117145"}
,"C:\\Users\\geeth\\Desktop\\CHAT_APP\\frontend\\src\\pages\\Register.jsx": {"path":"C:\\Users\\geeth\\Desktop\\CHAT_APP\\frontend\\src\\pages\\Register.jsx","statementMap":{"0":{"start":{"line":8,"column":17},"end":{"line":89,"column":1}},"1":{"start":{"line":9,"column":19},"end":{"line":9,"column":32}},"2":{"start":{"line":10,"column":28},"end":{"line":10,"column":40}},"3":{"start":{"line":11,"column":34},"end":{"line":11,"column":46}},"4":{"start":{"line":12,"column":34},"end":{"line":12,"column":46}},"5":{"start":{"line":14,"column":25},"end":{"line":43,"column":3}},"6":{"start":{"line":15,"column":4},"end":{"line":15,"column":23}},"7":{"start":{"line":16,"column":4},"end":{"line":42,"column":5}},"8":{"start":{"line":17,"column":29},"end":{"line":21,"column":7}},"9":{"start":{"line":22,"column":19},"end":{"line":22,"column":38}},"10":{"start":{"line":23,"column":20},"end":{"line":23,"column":43}},"11":{"start":{"line":25,"column":6},"end":{"line":34,"column":8}},"12":{"start":{"line":35,"column":6},"end":{"line":35,"column":24}},"13":{"start":{"line":37,"column":6},"end":{"line":41,"column":7}},"14":{"start":{"line":38,"column":8},"end":{"line":38,"column":76}},"15":{"start":{"line":40,"column":8},"end":{"line":40,"column":35}},"16":{"start":{"line":45,"column":2},"end":{"line":88,"column":4}},"17":{"start":{"line":55,"column":29},"end":{"line":55,"column":53}},"18":{"start":{"line":63,"column":29},"end":{"line":63,"column":56}}},"fnMap":{"0":{"name":"(anonymous_0)","decl":{"start":{"line":8,"column":17},"end":{"line":8,"column":18}},"loc":{"start":{"line":8,"column":23},"end":{"line":89,"column":1}},"line":8},"1":{"name":"(anonymous_1)","decl":{"start":{"line":14,"column":25},"end":{"line":14,"column":26}},"loc":{"start":{"line":14,"column":38},"end":{"line":43,"column":3}},"line":14},"2":{"name":"(anonymous_2)","decl":{"start":{"line":55,"column":22},"end":{"line":55,"column":23}},"loc":{"start":{"line":55,"column":29},"end":{"line":55,"column":53}},"line":55},"3":{"name":"(anonymous_3)","decl":{"start":{"line":63,"column":22},"end":{"line":63,"column":23}},"loc":{"start":{"line":63,"column":29},"end":{"line":63,"column":56}},"line":63}},"branchMap":{"0":{"loc":{"start":{"line":37,"column":6},"end":{"line":41,"column":7}},"type":"if","locations":[{"start":{"line":37,"column":6},"end":{"line":41,"column":7}},{"start":{"line":39,"column":13},"end":{"line":41,"column":7}}],"line":37},"1":{"loc":{"start":{"line":72,"column":9},"end":{"line":81,"column":9}},"type":"binary-expr","locations":[{"start":{"line":72,"column":9},"end":{"line":72,"column":17}},{"start":{"line":73,"column":10},"end":{"line":80,"column":16}}],"line":72},"2":{"loc":{"start":{"line":75,"column":13},"end":{"line":79,"column":13}},"type":"binary-expr","locations":[{"start":{"line":75,"column":13},"end":{"line":75,"column":54}},{"start":{"line":76,"column":14},"end":{"line":78,"column":18}}],"line":75}},"s":{"0":1,"1":4,"2":4,"3":4,"4":4,"5":4,"6":1,"7":1,"8":1,"9":1,"10":1,"11":1,"12":1,"13":0,"14":0,"15":0,"16":4,"17":1,"18":1},"f":{"0":4,"1":1,"2":1,"3":1},"b":{"0":[0,0],"1":[4,0],"2":[0,0]},"_coverageSchema":"1a1c01bbd47fc00a2c39e90264f33305004495a9","hash":"b18189f1b41d26579d2d4ecb5ff30016099d01bf"}
,"C:\\Users\\geeth\\Desktop\\CHAT_APP\\frontend\\src\\services\\user.js": {"path":"C:\\Users\\geeth\\Desktop\\CHAT_APP\\frontend\\src\\services\\user.js","statementMap":{"0":{"start":{"line":3,"column":37},"end":{"line":12,"column":1}},"1":{"start":{"line":4,"column":0},"end":{"line":4,"column":24}},"2":{"start":{"line":5,"column":2},"end":{"line":11,"column":3}},"3":{"start":{"line":6,"column":16},"end":{"line":6,"column":103}},"4":{"start":{"line":7,"column":4},"end":{"line":7,"column":28}},"5":{"start":{"line":9,"column":4},"end":{"line":9,"column":56}},"6":{"start":{"line":10,"column":4},"end":{"line":10,"column":14}}},"fnMap":{"0":{"name":"(anonymous_0)","decl":{"start":{"line":3,"column":37},"end":{"line":3,"column":38}},"loc":{"start":{"line":3,"column":60},"end":{"line":12,"column":1}},"line":3}},"branchMap":{},"s":{"0":2,"1":2,"2":2,"3":2,"4":1,"5":1,"6":1},"f":{"0":2},"b":{},"_coverageSchema":"1a1c01bbd47fc00a2c39e90264f33305004495a9","hash":"25ac43940cae67edfd94656b2714b6b89b0b96a6"}
}
