TN:
SF:src\context\AuthContext.jsx
FN:8,(anonymous_0)
FN:13,(anonymous_1)
FN:14,(anonymous_2)
FN:26,(anonymous_3)
FN:36,(anonymous_4)
FNF:5
FNH:5
FNDA:2,(anonymous_0)
FNDA:1,(anonymous_1)
FNDA:1,(anonymous_2)
FNDA:1,(anonymous_3)
FNDA:2,(anonymous_4)
DA:6,2
DA:8,2
DA:9,2
DA:10,2
DA:11,2
DA:13,2
DA:14,1
DA:15,1
DA:16,1
DA:17,1
DA:18,1
DA:20,0
DA:21,0
DA:23,1
DA:26,1
DA:29,2
DA:36,2
LF:17
LH:15
BRDA:15,0,0,1
BRDA:15,0,1,0
BRF:2
BRH:1
end_of_record
TN:
SF:src\firebase\Firebase.js
FNF:0
FNH:0
DA:6,2
DA:16,2
DA:17,2
LF:3
LH:3
BRF:0
BRH:0
end_of_record
TN:
SF:src\pages\Chat.jsx
FN:12,(anonymous_0)
FN:21,(anonymous_1)
FN:27,(anonymous_2)
FN:28,(anonymous_3)
FN:31,(anonymous_4)
FN:34,(anonymous_5)
FN:35,(anonymous_6)
FN:46,(anonymous_7)
FN:58,(anonymous_8)
FN:62,(anonymous_9)
FN:65,(anonymous_10)
FN:70,(anonymous_11)
FN:80,(anonymous_12)
FN:81,(anonymous_13)
FN:82,(anonymous_14)
FN:88,(anonymous_15)
FN:94,(anonymous_16)
FN:108,(anonymous_17)
FN:111,(anonymous_18)
FN:128,(anonymous_19)
FN:129,(anonymous_20)
FN:150,(anonymous_21)
FN:155,(anonymous_22)
FN:180,(anonymous_23)
FN:200,(anonymous_24)
FNF:25
FNH:17
FNDA:11,(anonymous_0)
FNDA:5,(anonymous_1)
FNDA:3,(anonymous_2)
FNDA:0,(anonymous_3)
FNDA:3,(anonymous_4)
FNDA:3,(anonymous_5)
FNDA:3,(anonymous_6)
FNDA:4,(anonymous_7)
FNDA:5,(anonymous_8)
FNDA:7,(anonymous_9)
FNDA:0,(anonymous_10)
FNDA:0,(anonymous_11)
FNDA:0,(anonymous_12)
FNDA:0,(anonymous_13)
FNDA:0,(anonymous_14)
FNDA:7,(anonymous_15)
FNDA:1,(anonymous_16)
FNDA:1,(anonymous_17)
FNDA:2,(anonymous_18)
FNDA:0,(anonymous_19)
FNDA:0,(anonymous_20)
FNDA:16,(anonymous_21)
FNDA:2,(anonymous_22)
FNDA:1,(anonymous_23)
FNDA:1,(anonymous_24)
DA:10,1
DA:12,1
DA:13,11
DA:14,11
DA:15,11
DA:16,11
DA:17,11
DA:18,11
DA:19,11
DA:21,11
DA:22,5
DA:23,2
DA:27,11
DA:28,3
DA:29,0
DA:31,3
DA:34,11
DA:35,3
DA:36,3
DA:37,2
DA:38,2
DA:39,2
DA:40,2
DA:42,2
DA:46,4
DA:47,2
DA:49,0
DA:52,3
DA:56,11
DA:58,11
DA:59,5
DA:62,11
DA:63,7
DA:65,7
DA:66,0
DA:70,0
DA:72,0
DA:80,7
DA:81,0
DA:82,0
DA:83,0
DA:88,7
DA:89,7
DA:90,7
DA:94,11
DA:95,1
DA:96,1
DA:101,1
DA:102,1
DA:108,1
DA:109,1
DA:111,11
DA:112,2
DA:113,0
DA:114,0
DA:117,2
DA:119,2
DA:120,2
DA:123,2
DA:124,2
DA:127,2
DA:128,0
DA:130,0
DA:137,0
DA:138,0
DA:142,11
DA:144,8
DA:151,16
DA:152,16
DA:155,2
DA:181,1
DA:200,1
LF:72
LH:58
BRDA:22,0,0,2
BRDA:22,0,1,3
BRDA:22,1,0,5
BRDA:22,1,1,5
BRDA:36,2,0,1
BRDA:36,2,1,2
BRDA:36,3,0,3
BRDA:36,3,1,2
BRDA:63,4,0,0
BRDA:63,4,1,7
BRDA:66,5,0,0
BRDA:66,5,1,0
BRDA:67,6,0,0
BRDA:67,6,1,0
BRDA:83,7,0,0
BRDA:83,7,1,0
BRDA:95,8,0,0
BRDA:95,8,1,1
BRDA:95,9,0,1
BRDA:95,9,1,1
BRDA:95,9,2,1
BRDA:112,10,0,0
BRDA:112,10,1,2
BRDA:112,11,0,2
BRDA:112,11,1,2
BRDA:123,12,0,2
BRDA:123,12,1,0
BRDA:128,13,0,0
BRDA:128,13,1,0
BRDA:142,14,0,3
BRDA:142,14,1,8
BRDA:142,15,0,11
BRDA:142,15,1,10
BRDA:149,16,0,8
BRDA:149,16,1,8
BRDA:157,17,0,6
BRDA:157,17,1,10
BRDA:161,18,0,0
BRDA:161,18,1,16
BRDA:171,19,0,6
BRDA:171,19,1,2
BRDA:176,20,0,0
BRDA:176,20,1,6
BRDA:184,21,0,0
BRDA:184,21,1,1
BRDA:188,22,0,1
BRDA:188,22,1,0
BRDA:190,23,0,0
BRDA:190,23,1,0
BRF:49
BRH:31
end_of_record
TN:
SF:src\pages\Login.jsx
FN:8,(anonymous_0)
FN:14,(anonymous_1)
FN:52,(anonymous_2)
FN:59,(anonymous_3)
FNF:4
FNH:4
FNDA:4,(anonymous_0)
FNDA:1,(anonymous_1)
FNDA:1,(anonymous_2)
FNDA:1,(anonymous_3)
DA:8,1
DA:9,4
DA:10,4
DA:11,4
DA:12,4
DA:14,4
DA:15,1
DA:16,1
DA:17,1
DA:22,1
DA:23,1
DA:25,1
DA:36,1
DA:38,0
DA:39,0
DA:43,4
DA:52,1
DA:59,1
LF:18
LH:16
BRDA:68,0,0,4
BRDA:68,0,1,0
BRF:2
BRH:1
end_of_record
TN:
SF:src\pages\Register.jsx
FN:8,(anonymous_0)
FN:14,(anonymous_1)
FN:55,(anonymous_2)
FN:63,(anonymous_3)
FNF:4
FNH:4
FNDA:4,(anonymous_0)
FNDA:1,(anonymous_1)
FNDA:1,(anonymous_2)
FNDA:1,(anonymous_3)
DA:8,1
DA:9,4
DA:10,4
DA:11,4
DA:12,4
DA:14,4
DA:15,1
DA:16,1
DA:17,1
DA:22,1
DA:23,1
DA:25,1
DA:35,1
DA:37,0
DA:38,0
DA:40,0
DA:45,4
DA:55,1
DA:63,1
LF:19
LH:16
BRDA:37,0,0,0
BRDA:37,0,1,0
BRDA:72,1,0,4
BRDA:72,1,1,0
BRDA:75,2,0,0
BRDA:75,2,1,0
BRF:6
BRH:1
end_of_record
TN:
SF:src\services\user.js
FN:3,(anonymous_0)
FNF:1
FNH:1
FNDA:2,(anonymous_0)
DA:3,2
DA:4,2
DA:5,2
DA:6,2
DA:7,1
DA:9,1
DA:10,1
LF:7
LH:7
BRF:0
BRH:0
end_of_record
